<?xml version="1.0" encoding="UTF-8"?>
<robot generator="Robot 3.2.2 (Python 3.8.5 on linux)" generated="20201015 11:35:20.810" rpa="false">
<suite id="s1" name="Test" source="/home/neilton/Documents/workSpace/lab/robot_framework/qaninja/robot/test.robot">
<test id="s1-t1" name="Deve retornar mensagem de boas vindas">
<kw name="Welcome" library="app">
<arguments>
<arg>Neilton</arg>
</arguments>
<status status="PASS" starttime="20201015 11:35:20.841" endtime="20201015 11:35:20.842"></status>
</kw>
<status status="PASS" starttime="20201015 11:35:20.840" endtime="20201015 11:35:20.842" critical="yes"></status>
</test>
<status status="PASS" starttime="20201015 11:35:20.811" endtime="20201015 11:35:20.842"></status>
</suite>
<statistics>
<total>
<stat pass="1" fail="0">Critical Tests</stat>
<stat pass="1" fail="0">All Tests</stat>
</total>
<tag>
</tag>
<suite>
<stat pass="1" fail="0" id="s1" name="Test">Test</stat>
</suite>
</statistics>
<errors>
</errors>
</robot>
