<?xml version="1.0" encoding="UTF-8"?>
<robot generator="Robot 3.2.2 (Python 3.8.5 on linux)" generated="20201026 12:14:16.965" rpa="false">
<suite id="s1" name="Radio" source="/home/neilton/Documents/workSpace/lab/robot_framework/qaninja/HelloWorld-python/web/tests/radio.robot">
<test id="s1-t1" name="Selecionando por Id">
<kw name="Nova sessão" library="base" type="setup">
<kw name="Open Browser" library="SeleniumLibrary">
<doc>Opens a new browser instance to the optional ``url``.</doc>
<arguments>
<arg>${url}</arg>
<arg>firefox</arg>
</arguments>
<msg timestamp="20201026 12:14:17.150" level="INFO">Opening browser 'firefox' to base url 'http://training-wheels-protocol.herokuapp.com/'.</msg>
<msg timestamp="20201026 12:14:17.151" level="INFO">Firefox driver log is always forced to to: /home/neilton/Documents/workSpace/lab/robot_framework/qaninja/HelloWorld-python/web/log/geckodriver-24.log</msg>
<status status="PASS" starttime="20201026 12:14:17.149" endtime="20201026 12:14:24.068"></status>
</kw>
<status status="PASS" starttime="20201026 12:14:17.149" endtime="20201026 12:14:24.069"></status>
</kw>
<kw name="Go To" library="SeleniumLibrary">
<doc>Navigates the current browser window to the provided ``url``.</doc>
<arguments>
<arg>${url}/radios</arg>
</arguments>
<msg timestamp="20201026 12:14:24.070" level="INFO">Opening url 'http://training-wheels-protocol.herokuapp.com//radios'</msg>
<status status="PASS" starttime="20201026 12:14:24.070" endtime="20201026 12:14:24.757"></status>
</kw>
<kw name="Select Radio Button" library="SeleniumLibrary">
<doc>Sets the radio button group ``group_name`` to ``value``.</doc>
<arguments>
<arg>movies</arg>
<arg>cap</arg>
</arguments>
<msg timestamp="20201026 12:14:24.758" level="INFO">Selecting 'cap' from radio button 'movies'.</msg>
<status status="PASS" starttime="20201026 12:14:24.758" endtime="20201026 12:14:25.006"></status>
</kw>
<kw name="Radio Button Should Be Set To" library="SeleniumLibrary">
<doc>Verifies radio button group ``group_name`` is set to ``value``.</doc>
<arguments>
<arg>movies</arg>
<arg>cap</arg>
</arguments>
<msg timestamp="20201026 12:14:25.007" level="INFO">Verifying radio button 'movies' has selection 'cap'.</msg>
<status status="PASS" starttime="20201026 12:14:25.007" endtime="20201026 12:14:25.044"></status>
</kw>
<kw name="Encerra sessão" library="base" type="teardown">
<kw name="Capture Page Screenshot" library="SeleniumLibrary">
<doc>Takes a screenshot of the current page and embeds it into a log file.</doc>
<msg timestamp="20201026 12:14:25.292" level="INFO" html="yes">&lt;/td&gt;&lt;/tr&gt;&lt;tr&gt;&lt;td colspan="3"&gt;&lt;a href="selenium-screenshot-15.png"&gt;&lt;img src="selenium-screenshot-15.png" width="800px"&gt;&lt;/a&gt;</msg>
<status status="PASS" starttime="20201026 12:14:25.046" endtime="20201026 12:14:25.293"></status>
</kw>
<kw name="Close Browser" library="SeleniumLibrary">
<doc>Closes the current browser.</doc>
<status status="PASS" starttime="20201026 12:14:25.293" endtime="20201026 12:14:26.054"></status>
</kw>
<status status="PASS" starttime="20201026 12:14:25.045" endtime="20201026 12:14:26.055"></status>
</kw>
<status status="PASS" starttime="20201026 12:14:17.147" endtime="20201026 12:14:26.055" critical="yes"></status>
</test>
<test id="s1-t2" name="Selecionando por Value">
<kw name="Nova sessão" library="base" type="setup">
<kw name="Open Browser" library="SeleniumLibrary">
<doc>Opens a new browser instance to the optional ``url``.</doc>
<arguments>
<arg>${url}</arg>
<arg>firefox</arg>
</arguments>
<msg timestamp="20201026 12:14:26.059" level="INFO">Opening browser 'firefox' to base url 'http://training-wheels-protocol.herokuapp.com/'.</msg>
<msg timestamp="20201026 12:14:26.060" level="INFO">Firefox driver log is always forced to to: /home/neilton/Documents/workSpace/lab/robot_framework/qaninja/HelloWorld-python/web/log/geckodriver-25.log</msg>
<status status="PASS" starttime="20201026 12:14:26.058" endtime="20201026 12:14:38.270"></status>
</kw>
<status status="PASS" starttime="20201026 12:14:26.058" endtime="20201026 12:14:38.271"></status>
</kw>
<kw name="Go To" library="SeleniumLibrary">
<doc>Navigates the current browser window to the provided ``url``.</doc>
<arguments>
<arg>${url}/radios</arg>
</arguments>
<msg timestamp="20201026 12:14:38.273" level="INFO">Opening url 'http://training-wheels-protocol.herokuapp.com//radios'</msg>
<status status="PASS" starttime="20201026 12:14:38.272" endtime="20201026 12:14:39.236"></status>
</kw>
<kw name="Select Radio Button" library="SeleniumLibrary">
<doc>Sets the radio button group ``group_name`` to ``value``.</doc>
<arguments>
<arg>movies</arg>
<arg>guardians</arg>
</arguments>
<msg timestamp="20201026 12:14:39.237" level="INFO">Selecting 'guardians' from radio button 'movies'.</msg>
<status status="PASS" starttime="20201026 12:14:39.236" endtime="20201026 12:14:39.479"></status>
</kw>
<kw name="Radio Button Should Be Set To" library="SeleniumLibrary">
<doc>Verifies radio button group ``group_name`` is set to ``value``.</doc>
<arguments>
<arg>movies</arg>
<arg>guardians</arg>
</arguments>
<msg timestamp="20201026 12:14:39.480" level="INFO">Verifying radio button 'movies' has selection 'guardians'.</msg>
<status status="PASS" starttime="20201026 12:14:39.480" endtime="20201026 12:14:39.551"></status>
</kw>
<kw name="Encerra sessão" library="base" type="teardown">
<kw name="Capture Page Screenshot" library="SeleniumLibrary">
<doc>Takes a screenshot of the current page and embeds it into a log file.</doc>
<msg timestamp="20201026 12:14:39.791" level="INFO" html="yes">&lt;/td&gt;&lt;/tr&gt;&lt;tr&gt;&lt;td colspan="3"&gt;&lt;a href="selenium-screenshot-16.png"&gt;&lt;img src="selenium-screenshot-16.png" width="800px"&gt;&lt;/a&gt;</msg>
<status status="PASS" starttime="20201026 12:14:39.553" endtime="20201026 12:14:39.791"></status>
</kw>
<kw name="Close Browser" library="SeleniumLibrary">
<doc>Closes the current browser.</doc>
<status status="PASS" starttime="20201026 12:14:39.792" endtime="20201026 12:14:40.512"></status>
</kw>
<status status="PASS" starttime="20201026 12:14:39.552" endtime="20201026 12:14:40.512"></status>
</kw>
<status status="PASS" starttime="20201026 12:14:26.057" endtime="20201026 12:14:40.513" critical="yes"></status>
</test>
<status status="PASS" starttime="20201026 12:14:16.966" endtime="20201026 12:14:40.514"></status>
</suite>
<statistics>
<total>
<stat pass="2" fail="0">Critical Tests</stat>
<stat pass="2" fail="0">All Tests</stat>
</total>
<tag>
</tag>
<suite>
<stat pass="2" fail="0" id="s1" name="Radio">Radio</stat>
</suite>
</statistics>
<errors>
</errors>
</robot>
