<?xml version="1.0" encoding="UTF-8"?>
<robot generator="Robot 3.2.2 (Python 3.8.5 on linux)" generated="20201022 17:50:53.138" rpa="false">
<suite id="s1" name="Tests" source="/home/neilton/Documents/workSpace/lab/robot_framework/qaninja/HelloWorld-python/web/tests">
<suite id="s1-s1" name="Checkbox" source="/home/neilton/Documents/workSpace/lab/robot_framework/qaninja/HelloWorld-python/web/tests/checkbox.robot">
<test id="s1-s1-t1" name="Marcando opção com Id">
<kw name="Nova sessão" library="base" type="setup">
<kw name="Open Browser" library="SeleniumLibrary">
<doc>Opens a new browser instance to the optional ``url``.</doc>
<arguments>
<arg>${url}</arg>
<arg>firefox</arg>
</arguments>
<msg timestamp="20201022 17:50:53.340" level="INFO">Opening browser 'firefox' to base url 'http://training-wheels-protocol.herokuapp.com/'.</msg>
<msg timestamp="20201022 17:50:53.341" level="INFO">Firefox driver log is always forced to to: /home/neilton/Documents/workSpace/lab/robot_framework/qaninja/HelloWorld-python/web/log/geckodriver-21.log</msg>
<status status="PASS" starttime="20201022 17:50:53.340" endtime="20201022 17:51:11.439"></status>
</kw>
<status status="PASS" starttime="20201022 17:50:53.339" endtime="20201022 17:51:11.439"></status>
</kw>
<kw name="Go To" library="SeleniumLibrary">
<doc>Navigates the current browser window to the provided ``url``.</doc>
<arguments>
<arg>${url}/checkboxes</arg>
</arguments>
<msg timestamp="20201022 17:51:11.441" level="INFO">Opening url 'http://training-wheels-protocol.herokuapp.com//checkboxes'</msg>
<status status="PASS" starttime="20201022 17:51:11.440" endtime="20201022 17:51:12.057"></status>
</kw>
<kw name="Select Checkbox" library="SeleniumLibrary">
<doc>Selects the checkbox identified by ``locator``.</doc>
<arguments>
<arg>${check_thor}</arg>
</arguments>
<msg timestamp="20201022 17:51:12.059" level="INFO">Selecting checkbox 'id:thor'.</msg>
<status status="PASS" starttime="20201022 17:51:12.058" endtime="20201022 17:51:12.357"></status>
</kw>
<kw name="Checkbox Should Be Selected" library="SeleniumLibrary">
<doc>Verifies checkbox ``locator`` is selected/checked.</doc>
<arguments>
<arg>${check_thor}</arg>
</arguments>
<msg timestamp="20201022 17:51:12.358" level="INFO">Verifying checkbox 'id:thor' is selected.</msg>
<status status="PASS" starttime="20201022 17:51:12.358" endtime="20201022 17:51:12.400"></status>
</kw>
<kw name="Encerra sessão" library="base" type="teardown">
<kw name="Close Browser" library="SeleniumLibrary">
<doc>Closes the current browser.</doc>
<status status="PASS" starttime="20201022 17:51:12.403" endtime="20201022 17:51:13.058"></status>
</kw>
<status status="PASS" starttime="20201022 17:51:12.401" endtime="20201022 17:51:13.058"></status>
</kw>
<status status="PASS" starttime="20201022 17:50:53.338" endtime="20201022 17:51:13.058" critical="yes"></status>
</test>
<test id="s1-s1-t2" name="Marcando opção com CSS Selector">
<kw name="Nova sessão" library="base" type="setup">
<kw name="Open Browser" library="SeleniumLibrary">
<doc>Opens a new browser instance to the optional ``url``.</doc>
<arguments>
<arg>${url}</arg>
<arg>firefox</arg>
</arguments>
<msg timestamp="20201022 17:51:13.061" level="INFO">Opening browser 'firefox' to base url 'http://training-wheels-protocol.herokuapp.com/'.</msg>
<msg timestamp="20201022 17:51:13.061" level="INFO">Firefox driver log is always forced to to: /home/neilton/Documents/workSpace/lab/robot_framework/qaninja/HelloWorld-python/web/log/geckodriver-22.log</msg>
<status status="PASS" starttime="20201022 17:51:13.061" endtime="20201022 17:51:29.113"></status>
</kw>
<status status="PASS" starttime="20201022 17:51:13.060" endtime="20201022 17:51:29.114"></status>
</kw>
<kw name="Go To" library="SeleniumLibrary">
<doc>Navigates the current browser window to the provided ``url``.</doc>
<arguments>
<arg>${url}/checkboxes</arg>
</arguments>
<msg timestamp="20201022 17:51:29.115" level="INFO">Opening url 'http://training-wheels-protocol.herokuapp.com//checkboxes'</msg>
<status status="PASS" starttime="20201022 17:51:29.115" endtime="20201022 17:51:29.631"></status>
</kw>
<kw name="Select Checkbox" library="SeleniumLibrary">
<doc>Selects the checkbox identified by ``locator``.</doc>
<arguments>
<arg>${check_ironman}</arg>
</arguments>
<msg timestamp="20201022 17:51:29.634" level="INFO">Selecting checkbox 'css:input[value='iron-man']'.</msg>
<status status="PASS" starttime="20201022 17:51:29.633" endtime="20201022 17:51:29.913"></status>
</kw>
<kw name="Checkbox Should Be Selected" library="SeleniumLibrary">
<doc>Verifies checkbox ``locator`` is selected/checked.</doc>
<arguments>
<arg>${check_ironman}</arg>
</arguments>
<msg timestamp="20201022 17:51:29.914" level="INFO">Verifying checkbox 'css:input[value='iron-man']' is selected.</msg>
<status status="PASS" starttime="20201022 17:51:29.914" endtime="20201022 17:51:29.957"></status>
</kw>
<kw name="Encerra sessão" library="base" type="teardown">
<kw name="Close Browser" library="SeleniumLibrary">
<doc>Closes the current browser.</doc>
<status status="PASS" starttime="20201022 17:51:29.959" endtime="20201022 17:51:30.613"></status>
</kw>
<status status="PASS" starttime="20201022 17:51:29.958" endtime="20201022 17:51:30.614"></status>
</kw>
<status status="PASS" starttime="20201022 17:51:13.059" endtime="20201022 17:51:30.614" critical="yes"></status>
</test>
<test id="s1-s1-t3" name="Marcando opção com Xpath">
<kw name="Nova sessão" library="base" type="setup">
<kw name="Open Browser" library="SeleniumLibrary">
<doc>Opens a new browser instance to the optional ``url``.</doc>
<arguments>
<arg>${url}</arg>
<arg>firefox</arg>
</arguments>
<msg timestamp="20201022 17:51:30.619" level="INFO">Opening browser 'firefox' to base url 'http://training-wheels-protocol.herokuapp.com/'.</msg>
<msg timestamp="20201022 17:51:30.620" level="INFO">Firefox driver log is always forced to to: /home/neilton/Documents/workSpace/lab/robot_framework/qaninja/HelloWorld-python/web/log/geckodriver-23.log</msg>
<status status="PASS" starttime="20201022 17:51:30.618" endtime="20201022 17:51:47.518"></status>
</kw>
<status status="PASS" starttime="20201022 17:51:30.617" endtime="20201022 17:51:47.518"></status>
</kw>
<kw name="Go To" library="SeleniumLibrary">
<doc>Navigates the current browser window to the provided ``url``.</doc>
<arguments>
<arg>${url}/checkboxes</arg>
</arguments>
<msg timestamp="20201022 17:51:47.519" level="INFO">Opening url 'http://training-wheels-protocol.herokuapp.com//checkboxes'</msg>
<status status="PASS" starttime="20201022 17:51:47.519" endtime="20201022 17:51:48.057"></status>
</kw>
<kw name="Select Checkbox" library="SeleniumLibrary">
<doc>Selects the checkbox identified by ``locator``.</doc>
<arguments>
<arg>${check_panther}</arg>
</arguments>
<msg timestamp="20201022 17:51:48.058" level="INFO">Selecting checkbox 'xpath://*[@id='checkboxes']/input[7]'.</msg>
<status status="PASS" starttime="20201022 17:51:48.057" endtime="20201022 17:51:48.345"></status>
</kw>
<kw name="Checkbox Should Be Selected" library="SeleniumLibrary">
<doc>Verifies checkbox ``locator`` is selected/checked.</doc>
<arguments>
<arg>${check_panther}</arg>
</arguments>
<msg timestamp="20201022 17:51:48.346" level="INFO">Verifying checkbox 'xpath://*[@id='checkboxes']/input[7]' is selected.</msg>
<status status="PASS" starttime="20201022 17:51:48.345" endtime="20201022 17:51:48.386"></status>
</kw>
<kw name="Encerra sessão" library="base" type="teardown">
<kw name="Close Browser" library="SeleniumLibrary">
<doc>Closes the current browser.</doc>
<status status="PASS" starttime="20201022 17:51:48.388" endtime="20201022 17:51:49.046"></status>
</kw>
<status status="PASS" starttime="20201022 17:51:48.387" endtime="20201022 17:51:49.047"></status>
</kw>
<tags>
<tag>ironman</tag>
</tags>
<status status="PASS" starttime="20201022 17:51:30.615" endtime="20201022 17:51:49.047" critical="yes"></status>
</test>
<status status="PASS" starttime="20201022 17:50:53.173" endtime="20201022 17:51:49.049"></status>
</suite>
<suite id="s1-s2" name="Title" source="/home/neilton/Documents/workSpace/lab/robot_framework/qaninja/HelloWorld-python/web/tests/title.robot">
<test id="s1-s2-t1" name="Deve comparar o título">
<kw name="Nova sessão" library="base" type="setup">
<kw name="Open Browser" library="SeleniumLibrary">
<doc>Opens a new browser instance to the optional ``url``.</doc>
<arguments>
<arg>${url}</arg>
<arg>firefox</arg>
</arguments>
<msg timestamp="20201022 17:51:49.065" level="INFO">Opening browser 'firefox' to base url 'http://training-wheels-protocol.herokuapp.com/'.</msg>
<msg timestamp="20201022 17:51:49.066" level="INFO">Firefox driver log is always forced to to: /home/neilton/Documents/workSpace/lab/robot_framework/qaninja/HelloWorld-python/web/log/geckodriver-24.log</msg>
<status status="PASS" starttime="20201022 17:51:49.065" endtime="20201022 17:52:16.651"></status>
</kw>
<status status="PASS" starttime="20201022 17:51:49.064" endtime="20201022 17:52:16.652"></status>
</kw>
<kw name="Title Should Be" library="SeleniumLibrary">
<doc>Verifies that the current page title equals ``title``.</doc>
<arguments>
<arg>Training Wheels Protocol</arg>
</arguments>
<msg timestamp="20201022 17:52:16.658" level="INFO">Page title is 'Training Wheels Protocol'.</msg>
<status status="PASS" starttime="20201022 17:52:16.652" endtime="20201022 17:52:16.658"></status>
</kw>
<kw name="Encerra sessão" library="base" type="teardown">
<kw name="Close Browser" library="SeleniumLibrary">
<doc>Closes the current browser.</doc>
<status status="PASS" starttime="20201022 17:52:16.660" endtime="20201022 17:52:17.326"></status>
</kw>
<status status="PASS" starttime="20201022 17:52:16.659" endtime="20201022 17:52:17.327"></status>
</kw>
<status status="PASS" starttime="20201022 17:51:49.063" endtime="20201022 17:52:17.327" critical="yes"></status>
</test>
<status status="PASS" starttime="20201022 17:51:49.057" endtime="20201022 17:52:17.328"></status>
</suite>
<status status="PASS" starttime="20201022 17:50:53.139" endtime="20201022 17:52:17.332"></status>
</suite>
<statistics>
<total>
<stat pass="4" fail="0">Critical Tests</stat>
<stat pass="4" fail="0">All Tests</stat>
</total>
<tag>
<stat pass="1" fail="0">ironman</stat>
</tag>
<suite>
<stat pass="4" fail="0" id="s1" name="Tests">Tests</stat>
<stat pass="3" fail="0" id="s1-s1" name="Checkbox">Tests.Checkbox</stat>
<stat pass="1" fail="0" id="s1-s2" name="Title">Tests.Title</stat>
</suite>
</statistics>
<errors>
</errors>
</robot>
