<?xml version="1.0" encoding="UTF-8"?>
<robot generator="Robot 3.2.2 (Python 3.9.0 on win32)" generated="20201028 12:43:26.927" rpa="false">
<suite id="s1" name="Select" source="C:\workSpace\qaninja\robot\web\tests\select.robot">
<test id="s1-t1" name="Selecionar por texto e validar pelo valor">
<kw name="Nova sessão" library="base" type="setup">
<kw name="Open Browser" library="SeleniumLibrary">
<doc>Opens a new browser instance to the optional ``url``.</doc>
<arguments>
<arg>${url}</arg>
<arg>firefox</arg>
</arguments>
<msg timestamp="20201028 12:43:27.200" level="INFO">Opening browser 'firefox' to base url 'http://training-wheels-protocol.herokuapp.com/'.</msg>
<msg timestamp="20201028 12:43:27.203" level="INFO">Firefox driver log is always forced to to: C:\workSpace\qaninja\robot\web\log\geckodriver-34.log</msg>
<status status="PASS" starttime="20201028 12:43:27.199" endtime="20201028 12:43:38.045"></status>
</kw>
<status status="PASS" starttime="20201028 12:43:27.198" endtime="20201028 12:43:38.045"></status>
</kw>
<kw name="Go To" library="SeleniumLibrary">
<doc>Navigates the current browser window to the provided ``url``.</doc>
<arguments>
<arg>${url}/dropdown</arg>
</arguments>
<msg timestamp="20201028 12:43:38.046" level="INFO">Opening url 'http://training-wheels-protocol.herokuapp.com//dropdown'</msg>
<status status="PASS" starttime="20201028 12:43:38.046" endtime="20201028 12:43:38.506"></status>
</kw>
<kw name="Select From List By Label" library="SeleniumLibrary">
<doc>Selects options from selection list ``locator`` by ``labels``.</doc>
<arguments>
<arg>class:avenger-list</arg>
<arg>Scott Lang</arg>
</arguments>
<msg timestamp="20201028 12:43:38.507" level="INFO">Selecting options from selection list 'class:avenger-list' by label Scott Lang.</msg>
<status status="PASS" starttime="20201028 12:43:38.507" endtime="20201028 12:43:38.772"></status>
</kw>
<kw name="Get Selected List Value" library="SeleniumLibrary">
<doc>Returns the value of selected option from selection list ``locator``.</doc>
<arguments>
<arg>class:avenger-list</arg>
</arguments>
<assign>
<var>${selected}</var>
</assign>
<msg timestamp="20201028 12:43:38.839" level="INFO">${selected} = 7</msg>
<status status="PASS" starttime="20201028 12:43:38.773" endtime="20201028 12:43:38.839"></status>
</kw>
<kw name="Should Be Equal" library="BuiltIn">
<doc>Fails if the given objects are unequal.</doc>
<arguments>
<arg>${selected}</arg>
<arg>7</arg>
</arguments>
<status status="PASS" starttime="20201028 12:43:38.840" endtime="20201028 12:43:38.841"></status>
</kw>
<kw name="Encerra sessão" library="base" type="teardown">
<kw name="Capture Page Screenshot" library="SeleniumLibrary">
<doc>Takes a screenshot of the current page and embeds it into a log file.</doc>
<msg timestamp="20201028 12:43:39.053" level="INFO" html="yes">&lt;/td&gt;&lt;/tr&gt;&lt;tr&gt;&lt;td colspan="3"&gt;&lt;a href="selenium-screenshot-14.png"&gt;&lt;img src="selenium-screenshot-14.png" width="800px"&gt;&lt;/a&gt;</msg>
<status status="PASS" starttime="20201028 12:43:38.842" endtime="20201028 12:43:39.054"></status>
</kw>
<kw name="Close Browser" library="SeleniumLibrary">
<doc>Closes the current browser.</doc>
<status status="PASS" starttime="20201028 12:43:39.054" endtime="20201028 12:43:41.417"></status>
</kw>
<status status="PASS" starttime="20201028 12:43:38.842" endtime="20201028 12:43:41.417"></status>
</kw>
<status status="PASS" starttime="20201028 12:43:27.198" endtime="20201028 12:43:41.418" critical="yes"></status>
</test>
<test id="s1-t2" name="Selecionar pelo valor e validar pelo texto">
<kw name="Nova sessão" library="base" type="setup">
<kw name="Open Browser" library="SeleniumLibrary">
<doc>Opens a new browser instance to the optional ``url``.</doc>
<arguments>
<arg>${url}</arg>
<arg>firefox</arg>
</arguments>
<msg timestamp="20201028 12:43:41.421" level="INFO">Opening browser 'firefox' to base url 'http://training-wheels-protocol.herokuapp.com/'.</msg>
<msg timestamp="20201028 12:43:41.424" level="INFO">Firefox driver log is always forced to to: C:\workSpace\qaninja\robot\web\log\geckodriver-35.log</msg>
<status status="PASS" starttime="20201028 12:43:41.420" endtime="20201028 12:43:51.795"></status>
</kw>
<status status="PASS" starttime="20201028 12:43:41.420" endtime="20201028 12:43:51.796"></status>
</kw>
<kw name="Go To" library="SeleniumLibrary">
<doc>Navigates the current browser window to the provided ``url``.</doc>
<arguments>
<arg>${url}/dropdown</arg>
</arguments>
<msg timestamp="20201028 12:43:51.797" level="INFO">Opening url 'http://training-wheels-protocol.herokuapp.com//dropdown'</msg>
<status status="PASS" starttime="20201028 12:43:51.796" endtime="20201028 12:43:52.164"></status>
</kw>
<kw name="Select From List By Value" library="SeleniumLibrary">
<doc>Selects options from selection list ``locator`` by ``values``.</doc>
<arguments>
<arg>id:dropdown</arg>
<arg>6</arg>
</arguments>
<msg timestamp="20201028 12:43:52.164" level="INFO">Selecting options from selection list 'id:dropdown' by value 6.</msg>
<status status="PASS" starttime="20201028 12:43:52.164" endtime="20201028 12:43:52.435"></status>
</kw>
<kw name="Get Selected List Label" library="SeleniumLibrary">
<doc>Returns the label of selected option from selection list ``locator``.</doc>
<arguments>
<arg>id:dropdown</arg>
</arguments>
<assign>
<var>${selected}</var>
</assign>
<msg timestamp="20201028 12:43:52.502" level="INFO">${selected} = Loki</msg>
<status status="PASS" starttime="20201028 12:43:52.436" endtime="20201028 12:43:52.503"></status>
</kw>
<kw name="Should Be Equal" library="BuiltIn">
<doc>Fails if the given objects are unequal.</doc>
<arguments>
<arg>${selected}</arg>
<arg>Loki</arg>
</arguments>
<status status="PASS" starttime="20201028 12:43:52.503" endtime="20201028 12:43:52.504"></status>
</kw>
<kw name="Encerra sessão" library="base" type="teardown">
<kw name="Capture Page Screenshot" library="SeleniumLibrary">
<doc>Takes a screenshot of the current page and embeds it into a log file.</doc>
<msg timestamp="20201028 12:43:52.699" level="INFO" html="yes">&lt;/td&gt;&lt;/tr&gt;&lt;tr&gt;&lt;td colspan="3"&gt;&lt;a href="selenium-screenshot-15.png"&gt;&lt;img src="selenium-screenshot-15.png" width="800px"&gt;&lt;/a&gt;</msg>
<status status="PASS" starttime="20201028 12:43:52.504" endtime="20201028 12:43:52.699"></status>
</kw>
<kw name="Close Browser" library="SeleniumLibrary">
<doc>Closes the current browser.</doc>
<status status="PASS" starttime="20201028 12:43:52.699" endtime="20201028 12:43:55.348"></status>
</kw>
<status status="PASS" starttime="20201028 12:43:52.504" endtime="20201028 12:43:55.348"></status>
</kw>
<status status="PASS" starttime="20201028 12:43:41.419" endtime="20201028 12:43:55.348" critical="yes"></status>
</test>
<status status="PASS" starttime="20201028 12:43:26.930" endtime="20201028 12:43:55.350"></status>
</suite>
<statistics>
<total>
<stat pass="2" fail="0">Critical Tests</stat>
<stat pass="2" fail="0">All Tests</stat>
</total>
<tag>
</tag>
<suite>
<stat pass="2" fail="0" id="s1" name="Select">Select</stat>
</suite>
</statistics>
<errors>
</errors>
</robot>
