<?xml version="1.0" encoding="UTF-8"?>
<robot generator="Robot 3.2.2 (Python 3.9.0 on win32)" generated="20201029 00:29:20.715" rpa="false">
<suite id="s1" name="Login Form" source="C:\workSpace\qaninja\robot\web\tests\login_form.robot">
<test id="s1-t1" name="Login com sucesso">
<kw name="Nova sessão" library="base" type="setup">
<kw name="Open Browser" library="SeleniumLibrary">
<doc>Opens a new browser instance to the optional ``url``.</doc>
<arguments>
<arg>${url}</arg>
<arg>firefox</arg>
</arguments>
<msg timestamp="20201029 00:29:20.973" level="INFO">Opening browser 'firefox' to base url 'http://training-wheels-protocol.herokuapp.com/'.</msg>
<msg timestamp="20201029 00:29:20.979" level="INFO">Firefox driver log is always forced to to: C:\workSpace\qaninja\robot\web\log\geckodriver-56.log</msg>
<status status="PASS" starttime="20201029 00:29:20.972" endtime="20201029 00:29:31.507"></status>
</kw>
<status status="PASS" starttime="20201029 00:29:20.972" endtime="20201029 00:29:31.507"></status>
</kw>
<kw name="Go To" library="SeleniumLibrary">
<doc>Navigates the current browser window to the provided ``url``.</doc>
<arguments>
<arg>${url}/login</arg>
</arguments>
<msg timestamp="20201029 00:29:31.508" level="INFO">Opening url 'http://training-wheels-protocol.herokuapp.com//login'</msg>
<status status="PASS" starttime="20201029 00:29:31.507" endtime="20201029 00:29:32.021"></status>
</kw>
<kw name="Login With">
<arguments>
<arg>stark</arg>
<arg>jarvis!</arg>
</arguments>
<kw name="Input Text" library="SeleniumLibrary">
<doc>Types the given ``text`` into the text field identified by ``locator``.</doc>
<arguments>
<arg>css:input[name=username]</arg>
<arg>${uname}</arg>
</arguments>
<msg timestamp="20201029 00:29:32.023" level="INFO">Typing text 'stark' into text field 'css:input[name=username]'.</msg>
<status status="PASS" starttime="20201029 00:29:32.023" endtime="20201029 00:29:32.068"></status>
</kw>
<kw name="Input Text" library="SeleniumLibrary">
<doc>Types the given ``text`` into the text field identified by ``locator``.</doc>
<arguments>
<arg>css:input[name=password]</arg>
<arg>${pass}</arg>
</arguments>
<msg timestamp="20201029 00:29:32.069" level="INFO">Typing text 'jarvis!' into text field 'css:input[name=password]'.</msg>
<status status="PASS" starttime="20201029 00:29:32.068" endtime="20201029 00:29:32.100"></status>
</kw>
<kw name="Click Element" library="SeleniumLibrary">
<doc>Click the element identified by ``locator``.</doc>
<arguments>
<arg>class:btn-login</arg>
</arguments>
<msg timestamp="20201029 00:29:32.101" level="INFO">Clicking element 'class:btn-login'.</msg>
<status status="PASS" starttime="20201029 00:29:32.101" endtime="20201029 00:29:32.620"></status>
</kw>
<status status="PASS" starttime="20201029 00:29:32.022" endtime="20201029 00:29:32.620"></status>
</kw>
<kw name="Should See Logged User">
<arguments>
<arg>Tony Stark</arg>
</arguments>
<kw name="Page Should Contain" library="SeleniumLibrary">
<doc>Verifies that current page contains ``text``.</doc>
<arguments>
<arg>Olá, ${full_name}. Você acessou a área logada!</arg>
</arguments>
<msg timestamp="20201029 00:29:32.631" level="INFO">Current page contains text 'Olá, Tony Stark. Você acessou a área logada!'.</msg>
<status status="PASS" starttime="20201029 00:29:32.622" endtime="20201029 00:29:32.631"></status>
</kw>
<status status="PASS" starttime="20201029 00:29:32.621" endtime="20201029 00:29:32.631"></status>
</kw>
<kw name="Encerra sessão" library="base" type="teardown">
<kw name="Capture Page Screenshot" library="SeleniumLibrary">
<doc>Takes a screenshot of the current page and embeds it into a log file.</doc>
<msg timestamp="20201029 00:29:32.836" level="INFO" html="yes">&lt;/td&gt;&lt;/tr&gt;&lt;tr&gt;&lt;td colspan="3"&gt;&lt;a href="selenium-screenshot-38.png"&gt;&lt;img src="selenium-screenshot-38.png" width="800px"&gt;&lt;/a&gt;</msg>
<status status="PASS" starttime="20201029 00:29:32.632" endtime="20201029 00:29:32.836"></status>
</kw>
<kw name="Close Browser" library="SeleniumLibrary">
<doc>Closes the current browser.</doc>
<status status="PASS" starttime="20201029 00:29:32.836" endtime="20201029 00:29:34.768"></status>
</kw>
<status status="PASS" starttime="20201029 00:29:32.632" endtime="20201029 00:29:34.768"></status>
</kw>
<status status="PASS" starttime="20201029 00:29:20.971" endtime="20201029 00:29:34.769" critical="yes"></status>
</test>
<test id="s1-t2" name="Senha inválida">
<kw name="Nova sessão" library="base" type="setup">
<kw name="Open Browser" library="SeleniumLibrary">
<doc>Opens a new browser instance to the optional ``url``.</doc>
<arguments>
<arg>${url}</arg>
<arg>firefox</arg>
</arguments>
<msg timestamp="20201029 00:29:34.771" level="INFO">Opening browser 'firefox' to base url 'http://training-wheels-protocol.herokuapp.com/'.</msg>
<msg timestamp="20201029 00:29:34.776" level="INFO">Firefox driver log is always forced to to: C:\workSpace\qaninja\robot\web\log\geckodriver-57.log</msg>
<status status="PASS" starttime="20201029 00:29:34.771" endtime="20201029 00:29:45.300"></status>
</kw>
<status status="PASS" starttime="20201029 00:29:34.770" endtime="20201029 00:29:45.300"></status>
</kw>
<kw name="Go To" library="SeleniumLibrary">
<doc>Navigates the current browser window to the provided ``url``.</doc>
<arguments>
<arg>${url}/login</arg>
</arguments>
<msg timestamp="20201029 00:29:45.301" level="INFO">Opening url 'http://training-wheels-protocol.herokuapp.com//login'</msg>
<status status="PASS" starttime="20201029 00:29:45.300" endtime="20201029 00:29:45.830"></status>
</kw>
<kw name="Login With">
<arguments>
<arg>stark</arg>
<arg>acb123</arg>
</arguments>
<kw name="Input Text" library="SeleniumLibrary">
<doc>Types the given ``text`` into the text field identified by ``locator``.</doc>
<arguments>
<arg>css:input[name=username]</arg>
<arg>${uname}</arg>
</arguments>
<msg timestamp="20201029 00:29:45.831" level="INFO">Typing text 'stark' into text field 'css:input[name=username]'.</msg>
<status status="PASS" starttime="20201029 00:29:45.831" endtime="20201029 00:29:45.954"></status>
</kw>
<kw name="Input Text" library="SeleniumLibrary">
<doc>Types the given ``text`` into the text field identified by ``locator``.</doc>
<arguments>
<arg>css:input[name=password]</arg>
<arg>${pass}</arg>
</arguments>
<msg timestamp="20201029 00:29:45.954" level="INFO">Typing text 'acb123' into text field 'css:input[name=password]'.</msg>
<status status="PASS" starttime="20201029 00:29:45.954" endtime="20201029 00:29:45.984"></status>
</kw>
<kw name="Click Element" library="SeleniumLibrary">
<doc>Click the element identified by ``locator``.</doc>
<arguments>
<arg>class:btn-login</arg>
</arguments>
<msg timestamp="20201029 00:29:45.985" level="INFO">Clicking element 'class:btn-login'.</msg>
<status status="PASS" starttime="20201029 00:29:45.984" endtime="20201029 00:29:46.526"></status>
</kw>
<status status="PASS" starttime="20201029 00:29:45.830" endtime="20201029 00:29:46.526"></status>
</kw>
<kw name="Should Contain Login Alert">
<arguments>
<arg>Senha é invalida!</arg>
</arguments>
<kw name="Get WebElement" library="SeleniumLibrary">
<doc>Returns the first WebElement matching the given ``locator``.</doc>
<arguments>
<arg>id:flash</arg>
</arguments>
<assign>
<var>${message}</var>
</assign>
<msg timestamp="20201029 00:29:46.532" level="INFO">${message} = &lt;selenium.webdriver.firefox.webelement.FirefoxWebElement (session="62f322d2-8dd8-451b-be76-60f412921632", element="8d6e92a0-854e-462a-a3cb-feb32340a207")&gt;</msg>
<status status="PASS" starttime="20201029 00:29:46.527" endtime="20201029 00:29:46.532"></status>
</kw>
<kw name="Should Contain" library="BuiltIn">
<doc>Fails if ``container`` does not contain ``item`` one or more times.</doc>
<arguments>
<arg>${message.text}</arg>
<arg>${expect_message}</arg>
</arguments>
<status status="PASS" starttime="20201029 00:29:46.532" endtime="20201029 00:29:46.549"></status>
</kw>
<status status="PASS" starttime="20201029 00:29:46.527" endtime="20201029 00:29:46.549"></status>
</kw>
<kw name="Encerra sessão" library="base" type="teardown">
<kw name="Capture Page Screenshot" library="SeleniumLibrary">
<doc>Takes a screenshot of the current page and embeds it into a log file.</doc>
<msg timestamp="20201029 00:29:46.787" level="INFO" html="yes">&lt;/td&gt;&lt;/tr&gt;&lt;tr&gt;&lt;td colspan="3"&gt;&lt;a href="selenium-screenshot-39.png"&gt;&lt;img src="selenium-screenshot-39.png" width="800px"&gt;&lt;/a&gt;</msg>
<status status="PASS" starttime="20201029 00:29:46.551" endtime="20201029 00:29:46.787"></status>
</kw>
<kw name="Close Browser" library="SeleniumLibrary">
<doc>Closes the current browser.</doc>
<status status="PASS" starttime="20201029 00:29:46.787" endtime="20201029 00:29:48.784"></status>
</kw>
<status status="PASS" starttime="20201029 00:29:46.551" endtime="20201029 00:29:48.784"></status>
</kw>
<tags>
<tag>login_error</tag>
</tags>
<status status="PASS" starttime="20201029 00:29:34.770" endtime="20201029 00:29:48.784" critical="yes"></status>
</test>
<test id="s1-t3" name="Usuário não existe">
<kw name="Nova sessão" library="base" type="setup">
<kw name="Open Browser" library="SeleniumLibrary">
<doc>Opens a new browser instance to the optional ``url``.</doc>
<arguments>
<arg>${url}</arg>
<arg>firefox</arg>
</arguments>
<msg timestamp="20201029 00:29:48.787" level="INFO">Opening browser 'firefox' to base url 'http://training-wheels-protocol.herokuapp.com/'.</msg>
<msg timestamp="20201029 00:29:48.792" level="INFO">Firefox driver log is always forced to to: C:\workSpace\qaninja\robot\web\log\geckodriver-58.log</msg>
<status status="PASS" starttime="20201029 00:29:48.787" endtime="20201029 00:29:58.749"></status>
</kw>
<status status="PASS" starttime="20201029 00:29:48.786" endtime="20201029 00:29:58.750"></status>
</kw>
<kw name="Go To" library="SeleniumLibrary">
<doc>Navigates the current browser window to the provided ``url``.</doc>
<arguments>
<arg>${url}/login</arg>
</arguments>
<msg timestamp="20201029 00:29:58.751" level="INFO">Opening url 'http://training-wheels-protocol.herokuapp.com//login'</msg>
<status status="PASS" starttime="20201029 00:29:58.750" endtime="20201029 00:29:59.340"></status>
</kw>
<kw name="Login With">
<arguments>
<arg>nei</arg>
<arg>123456</arg>
</arguments>
<kw name="Input Text" library="SeleniumLibrary">
<doc>Types the given ``text`` into the text field identified by ``locator``.</doc>
<arguments>
<arg>css:input[name=username]</arg>
<arg>${uname}</arg>
</arguments>
<msg timestamp="20201029 00:29:59.341" level="INFO">Typing text 'nei' into text field 'css:input[name=username]'.</msg>
<status status="PASS" starttime="20201029 00:29:59.341" endtime="20201029 00:29:59.386"></status>
</kw>
<kw name="Input Text" library="SeleniumLibrary">
<doc>Types the given ``text`` into the text field identified by ``locator``.</doc>
<arguments>
<arg>css:input[name=password]</arg>
<arg>${pass}</arg>
</arguments>
<msg timestamp="20201029 00:29:59.387" level="INFO">Typing text '123456' into text field 'css:input[name=password]'.</msg>
<status status="PASS" starttime="20201029 00:29:59.387" endtime="20201029 00:29:59.413"></status>
</kw>
<kw name="Click Element" library="SeleniumLibrary">
<doc>Click the element identified by ``locator``.</doc>
<arguments>
<arg>class:btn-login</arg>
</arguments>
<msg timestamp="20201029 00:29:59.414" level="INFO">Clicking element 'class:btn-login'.</msg>
<status status="PASS" starttime="20201029 00:29:59.414" endtime="20201029 00:29:59.989"></status>
</kw>
<status status="PASS" starttime="20201029 00:29:59.340" endtime="20201029 00:29:59.989"></status>
</kw>
<kw name="Should Contain Login Alert">
<arguments>
<arg>O usuário informado não está cadastrado!</arg>
</arguments>
<kw name="Get WebElement" library="SeleniumLibrary">
<doc>Returns the first WebElement matching the given ``locator``.</doc>
<arguments>
<arg>id:flash</arg>
</arguments>
<assign>
<var>${message}</var>
</assign>
<msg timestamp="20201029 00:29:59.996" level="INFO">${message} = &lt;selenium.webdriver.firefox.webelement.FirefoxWebElement (session="aa5e1222-b9fc-4573-8211-da1417722010", element="05422b22-21e3-4e9d-aad0-f65ab578e07c")&gt;</msg>
<status status="PASS" starttime="20201029 00:29:59.991" endtime="20201029 00:29:59.996"></status>
</kw>
<kw name="Should Contain" library="BuiltIn">
<doc>Fails if ``container`` does not contain ``item`` one or more times.</doc>
<arguments>
<arg>${message.text}</arg>
<arg>${expect_message}</arg>
</arguments>
<status status="PASS" starttime="20201029 00:29:59.996" endtime="20201029 00:30:00.025"></status>
</kw>
<status status="PASS" starttime="20201029 00:29:59.990" endtime="20201029 00:30:00.025"></status>
</kw>
<kw name="Encerra sessão" library="base" type="teardown">
<kw name="Capture Page Screenshot" library="SeleniumLibrary">
<doc>Takes a screenshot of the current page and embeds it into a log file.</doc>
<msg timestamp="20201029 00:30:00.254" level="INFO" html="yes">&lt;/td&gt;&lt;/tr&gt;&lt;tr&gt;&lt;td colspan="3"&gt;&lt;a href="selenium-screenshot-40.png"&gt;&lt;img src="selenium-screenshot-40.png" width="800px"&gt;&lt;/a&gt;</msg>
<status status="PASS" starttime="20201029 00:30:00.027" endtime="20201029 00:30:00.254"></status>
</kw>
<kw name="Close Browser" library="SeleniumLibrary">
<doc>Closes the current browser.</doc>
<status status="PASS" starttime="20201029 00:30:00.254" endtime="20201029 00:30:02.282"></status>
</kw>
<status status="PASS" starttime="20201029 00:30:00.026" endtime="20201029 00:30:02.282"></status>
</kw>
<tags>
<tag>login_user404</tag>
</tags>
<status status="PASS" starttime="20201029 00:29:48.786" endtime="20201029 00:30:02.282" critical="yes"></status>
</test>
<status status="PASS" starttime="20201029 00:29:20.718" endtime="20201029 00:30:02.284"></status>
</suite>
<statistics>
<total>
<stat pass="3" fail="0">Critical Tests</stat>
<stat pass="3" fail="0">All Tests</stat>
</total>
<tag>
<stat pass="1" fail="0">login_error</stat>
<stat pass="1" fail="0">login_user404</stat>
</tag>
<suite>
<stat pass="3" fail="0" id="s1" name="Login Form">Login Form</stat>
</suite>
</statistics>
<errors>
</errors>
</robot>
