<?xml version="1.0" encoding="UTF-8"?>
<robot generator="Robot 3.2.2 (Python 3.9.0 on win32)" generated="20201021 23:59:10.679" rpa="false">
<suite id="s1" name="Checkbox" source="C:\workSpace\qaninja\robot\web\checkbox.robot">
<test id="s1-t1" name="Marcando opção com Id">
<kw name="Open Browser" library="SeleniumLibrary">
<doc>Opens a new browser instance to the optional ``url``.</doc>
<arguments>
<arg>${url}</arg>
<arg>firefox</arg>
</arguments>
<msg timestamp="20201021 23:59:10.937" level="INFO">Opening browser 'firefox' to base url 'http://training-wheels-protocol.herokuapp.com/'.</msg>
<msg timestamp="20201021 23:59:10.939" level="INFO">Firefox driver log is always forced to to: C:\workSpace\qaninja\robot\web\log\geckodriver-15.log</msg>
<status status="PASS" starttime="20201021 23:59:10.936" endtime="20201021 23:59:21.128"></status>
</kw>
<kw name="Go To" library="SeleniumLibrary">
<doc>Navigates the current browser window to the provided ``url``.</doc>
<arguments>
<arg>${url}/checkboxes</arg>
</arguments>
<msg timestamp="20201021 23:59:21.129" level="INFO">Opening url 'http://training-wheels-protocol.herokuapp.com//checkboxes'</msg>
<status status="PASS" starttime="20201021 23:59:21.129" endtime="20201021 23:59:21.546"></status>
</kw>
<kw name="Select Checkbox" library="SeleniumLibrary">
<doc>Selects the checkbox identified by ``locator``.</doc>
<arguments>
<arg>${check_thor}</arg>
</arguments>
<msg timestamp="20201021 23:59:21.547" level="INFO">Selecting checkbox 'id:thor'.</msg>
<status status="PASS" starttime="20201021 23:59:21.546" endtime="20201021 23:59:21.800"></status>
</kw>
<kw name="Checkbox Should Be Selected" library="SeleniumLibrary">
<doc>Verifies checkbox ``locator`` is selected/checked.</doc>
<arguments>
<arg>${check_thor}</arg>
</arguments>
<msg timestamp="20201021 23:59:21.800" level="INFO">Verifying checkbox 'id:thor' is selected.</msg>
<status status="PASS" starttime="20201021 23:59:21.800" endtime="20201021 23:59:21.821"></status>
</kw>
<kw name="Close Browser" library="SeleniumLibrary">
<doc>Closes the current browser.</doc>
<status status="PASS" starttime="20201021 23:59:21.822" endtime="20201021 23:59:24.197"></status>
</kw>
<status status="PASS" starttime="20201021 23:59:10.935" endtime="20201021 23:59:24.197" critical="yes"></status>
</test>
<test id="s1-t2" name="Marcando opção com CSS Selector">
<kw name="Open Browser" library="SeleniumLibrary">
<doc>Opens a new browser instance to the optional ``url``.</doc>
<arguments>
<arg>${url}</arg>
<arg>firefox</arg>
</arguments>
<msg timestamp="20201021 23:59:24.206" level="INFO">Opening browser 'firefox' to base url 'http://training-wheels-protocol.herokuapp.com/'.</msg>
<msg timestamp="20201021 23:59:24.208" level="INFO">Firefox driver log is always forced to to: C:\workSpace\qaninja\robot\web\log\geckodriver-16.log</msg>
<status status="PASS" starttime="20201021 23:59:24.206" endtime="20201021 23:59:34.343"></status>
</kw>
<kw name="Go To" library="SeleniumLibrary">
<doc>Navigates the current browser window to the provided ``url``.</doc>
<arguments>
<arg>${url}/checkboxes</arg>
</arguments>
<msg timestamp="20201021 23:59:34.346" level="INFO">Opening url 'http://training-wheels-protocol.herokuapp.com//checkboxes'</msg>
<status status="PASS" starttime="20201021 23:59:34.345" endtime="20201021 23:59:34.724"></status>
</kw>
<kw name="Select Checkbox" library="SeleniumLibrary">
<doc>Selects the checkbox identified by ``locator``.</doc>
<arguments>
<arg>${check_ironman}</arg>
</arguments>
<msg timestamp="20201021 23:59:34.725" level="INFO">Selecting checkbox 'css:input[value='iron-man']'.</msg>
<status status="PASS" starttime="20201021 23:59:34.725" endtime="20201021 23:59:34.974"></status>
</kw>
<kw name="Checkbox Should Be Selected" library="SeleniumLibrary">
<doc>Verifies checkbox ``locator`` is selected/checked.</doc>
<arguments>
<arg>${check_ironman}</arg>
</arguments>
<msg timestamp="20201021 23:59:34.975" level="INFO">Verifying checkbox 'css:input[value='iron-man']' is selected.</msg>
<status status="PASS" starttime="20201021 23:59:34.975" endtime="20201021 23:59:34.996"></status>
</kw>
<kw name="Close Browser" library="SeleniumLibrary">
<doc>Closes the current browser.</doc>
<status status="PASS" starttime="20201021 23:59:34.996" endtime="20201021 23:59:37.110"></status>
</kw>
<status status="PASS" starttime="20201021 23:59:24.205" endtime="20201021 23:59:37.111" critical="yes"></status>
</test>
<test id="s1-t3" name="Marcando opção com Xpath">
<kw name="Open Browser" library="SeleniumLibrary">
<doc>Opens a new browser instance to the optional ``url``.</doc>
<arguments>
<arg>${url}</arg>
<arg>firefox</arg>
</arguments>
<msg timestamp="20201021 23:59:37.119" level="INFO">Opening browser 'firefox' to base url 'http://training-wheels-protocol.herokuapp.com/'.</msg>
<msg timestamp="20201021 23:59:37.121" level="INFO">Firefox driver log is always forced to to: C:\workSpace\qaninja\robot\web\log\geckodriver-17.log</msg>
<status status="PASS" starttime="20201021 23:59:37.119" endtime="20201021 23:59:47.378"></status>
</kw>
<kw name="Go To" library="SeleniumLibrary">
<doc>Navigates the current browser window to the provided ``url``.</doc>
<arguments>
<arg>${url}/checkboxes</arg>
</arguments>
<msg timestamp="20201021 23:59:47.379" level="INFO">Opening url 'http://training-wheels-protocol.herokuapp.com//checkboxes'</msg>
<status status="PASS" starttime="20201021 23:59:47.379" endtime="20201021 23:59:47.743"></status>
</kw>
<kw name="Select Checkbox" library="SeleniumLibrary">
<doc>Selects the checkbox identified by ``locator``.</doc>
<arguments>
<arg>${check_panther}</arg>
</arguments>
<msg timestamp="20201021 23:59:47.744" level="INFO">Selecting checkbox 'xpath://*[@id='checkboxes']/input[7]'.</msg>
<status status="PASS" starttime="20201021 23:59:47.744" endtime="20201021 23:59:48.003"></status>
</kw>
<kw name="Checkbox Should Be Selected" library="SeleniumLibrary">
<doc>Verifies checkbox ``locator`` is selected/checked.</doc>
<arguments>
<arg>${check_panther}</arg>
</arguments>
<msg timestamp="20201021 23:59:48.004" level="INFO">Verifying checkbox 'xpath://*[@id='checkboxes']/input[7]' is selected.</msg>
<status status="PASS" starttime="20201021 23:59:48.004" endtime="20201021 23:59:48.025"></status>
</kw>
<kw name="Close Browser" library="SeleniumLibrary">
<doc>Closes the current browser.</doc>
<status status="PASS" starttime="20201021 23:59:48.025" endtime="20201021 23:59:50.678"></status>
</kw>
<tags>
<tag>ironman</tag>
</tags>
<status status="PASS" starttime="20201021 23:59:37.118" endtime="20201021 23:59:50.679" critical="yes"></status>
</test>
<status status="PASS" starttime="20201021 23:59:10.681" endtime="20201021 23:59:50.684"></status>
</suite>
<statistics>
<total>
<stat pass="3" fail="0">Critical Tests</stat>
<stat pass="3" fail="0">All Tests</stat>
</total>
<tag>
<stat pass="1" fail="0">ironman</stat>
</tag>
<suite>
<stat pass="3" fail="0" id="s1" name="Checkbox">Checkbox</stat>
</suite>
</statistics>
<errors>
</errors>
</robot>
