<?xml version="1.0" encoding="UTF-8"?>
<robot generator="Robot 3.2.2 (Python 3.8.5 on linux)" generated="20201026 11:23:34.298" rpa="false">
<suite id="s1" name="Tests" source="/home/neilton/Documents/workSpace/lab/robot_framework/qaninja/HelloWorld-python/web/tests">
<suite id="s1-s1" name="Checkbox" source="/home/neilton/Documents/workSpace/lab/robot_framework/qaninja/HelloWorld-python/web/tests/checkbox.robot">
<test id="s1-s1-t1" name="Marcando opção com Id">
<kw name="Nova sessão" library="base" type="setup">
<kw name="Open Browser" library="SeleniumLibrary">
<doc>Opens a new browser instance to the optional ``url``.</doc>
<arguments>
<arg>${url}</arg>
<arg>firefox</arg>
</arguments>
<msg timestamp="20201026 11:23:34.521" level="INFO">Opening browser 'firefox' to base url 'http://training-wheels-protocol.herokuapp.com/'.</msg>
<msg timestamp="20201026 11:23:34.523" level="INFO">Firefox driver log is always forced to to: /home/neilton/Documents/workSpace/lab/robot_framework/qaninja/HelloWorld-python/web/log/geckodriver-15.log</msg>
<status status="PASS" starttime="20201026 11:23:34.521" endtime="20201026 11:23:48.469"></status>
</kw>
<status status="PASS" starttime="20201026 11:23:34.520" endtime="20201026 11:23:48.469"></status>
</kw>
<kw name="Go To" library="SeleniumLibrary">
<doc>Navigates the current browser window to the provided ``url``.</doc>
<arguments>
<arg>${url}/checkboxes</arg>
</arguments>
<msg timestamp="20201026 11:23:48.471" level="INFO">Opening url 'http://training-wheels-protocol.herokuapp.com//checkboxes'</msg>
<status status="PASS" starttime="20201026 11:23:48.470" endtime="20201026 11:23:49.035"></status>
</kw>
<kw name="Select Checkbox" library="SeleniumLibrary">
<doc>Selects the checkbox identified by ``locator``.</doc>
<arguments>
<arg>${check_thor}</arg>
</arguments>
<msg timestamp="20201026 11:23:49.036" level="INFO">Selecting checkbox 'id:thor'.</msg>
<status status="PASS" starttime="20201026 11:23:49.036" endtime="20201026 11:23:49.321"></status>
</kw>
<kw name="Checkbox Should Be Selected" library="SeleniumLibrary">
<doc>Verifies checkbox ``locator`` is selected/checked.</doc>
<arguments>
<arg>${check_thor}</arg>
</arguments>
<msg timestamp="20201026 11:23:49.322" level="INFO">Verifying checkbox 'id:thor' is selected.</msg>
<status status="PASS" starttime="20201026 11:23:49.321" endtime="20201026 11:23:49.371"></status>
</kw>
<kw name="Encerra sessão" library="base" type="teardown">
<kw name="Capture Page Screenshot" library="SeleniumLibrary">
<doc>Takes a screenshot of the current page and embeds it into a log file.</doc>
<msg timestamp="20201026 11:23:49.601" level="INFO" html="yes">&lt;/td&gt;&lt;/tr&gt;&lt;tr&gt;&lt;td colspan="3"&gt;&lt;a href="selenium-screenshot-1.png"&gt;&lt;img src="selenium-screenshot-1.png" width="800px"&gt;&lt;/a&gt;</msg>
<status status="PASS" starttime="20201026 11:23:49.373" endtime="20201026 11:23:49.601"></status>
</kw>
<kw name="Close Browser" library="SeleniumLibrary">
<doc>Closes the current browser.</doc>
<status status="PASS" starttime="20201026 11:23:49.601" endtime="20201026 11:23:50.417"></status>
</kw>
<status status="PASS" starttime="20201026 11:23:49.372" endtime="20201026 11:23:50.417"></status>
</kw>
<status status="PASS" starttime="20201026 11:23:34.518" endtime="20201026 11:23:50.418" critical="yes"></status>
</test>
<test id="s1-s1-t2" name="Marcando opção com CSS Selector">
<kw name="Nova sessão" library="base" type="setup">
<kw name="Open Browser" library="SeleniumLibrary">
<doc>Opens a new browser instance to the optional ``url``.</doc>
<arguments>
<arg>${url}</arg>
<arg>firefox</arg>
</arguments>
<msg timestamp="20201026 11:23:50.424" level="INFO">Opening browser 'firefox' to base url 'http://training-wheels-protocol.herokuapp.com/'.</msg>
<msg timestamp="20201026 11:23:50.424" level="INFO">Firefox driver log is always forced to to: /home/neilton/Documents/workSpace/lab/robot_framework/qaninja/HelloWorld-python/web/log/geckodriver-16.log</msg>
<status status="PASS" starttime="20201026 11:23:50.423" endtime="20201026 11:24:03.919"></status>
</kw>
<status status="PASS" starttime="20201026 11:23:50.422" endtime="20201026 11:24:03.920"></status>
</kw>
<kw name="Go To" library="SeleniumLibrary">
<doc>Navigates the current browser window to the provided ``url``.</doc>
<arguments>
<arg>${url}/checkboxes</arg>
</arguments>
<msg timestamp="20201026 11:24:03.928" level="INFO">Opening url 'http://training-wheels-protocol.herokuapp.com//checkboxes'</msg>
<status status="PASS" starttime="20201026 11:24:03.921" endtime="20201026 11:24:04.547"></status>
</kw>
<kw name="Select Checkbox" library="SeleniumLibrary">
<doc>Selects the checkbox identified by ``locator``.</doc>
<arguments>
<arg>${check_ironman}</arg>
</arguments>
<msg timestamp="20201026 11:24:04.548" level="INFO">Selecting checkbox 'css:input[value='iron-man']'.</msg>
<status status="PASS" starttime="20201026 11:24:04.548" endtime="20201026 11:24:04.828"></status>
</kw>
<kw name="Checkbox Should Be Selected" library="SeleniumLibrary">
<doc>Verifies checkbox ``locator`` is selected/checked.</doc>
<arguments>
<arg>${check_ironman}</arg>
</arguments>
<msg timestamp="20201026 11:24:04.828" level="INFO">Verifying checkbox 'css:input[value='iron-man']' is selected.</msg>
<status status="PASS" starttime="20201026 11:24:04.828" endtime="20201026 11:24:04.876"></status>
</kw>
<kw name="Encerra sessão" library="base" type="teardown">
<kw name="Capture Page Screenshot" library="SeleniumLibrary">
<doc>Takes a screenshot of the current page and embeds it into a log file.</doc>
<msg timestamp="20201026 11:24:05.143" level="INFO" html="yes">&lt;/td&gt;&lt;/tr&gt;&lt;tr&gt;&lt;td colspan="3"&gt;&lt;a href="selenium-screenshot-2.png"&gt;&lt;img src="selenium-screenshot-2.png" width="800px"&gt;&lt;/a&gt;</msg>
<status status="PASS" starttime="20201026 11:24:04.877" endtime="20201026 11:24:05.144"></status>
</kw>
<kw name="Close Browser" library="SeleniumLibrary">
<doc>Closes the current browser.</doc>
<status status="PASS" starttime="20201026 11:24:05.144" endtime="20201026 11:24:05.949"></status>
</kw>
<status status="PASS" starttime="20201026 11:24:04.877" endtime="20201026 11:24:05.950"></status>
</kw>
<status status="PASS" starttime="20201026 11:23:50.420" endtime="20201026 11:24:05.950" critical="yes"></status>
</test>
<test id="s1-s1-t3" name="Marcando opção com Xpath">
<kw name="Nova sessão" library="base" type="setup">
<kw name="Open Browser" library="SeleniumLibrary">
<doc>Opens a new browser instance to the optional ``url``.</doc>
<arguments>
<arg>${url}</arg>
<arg>firefox</arg>
</arguments>
<msg timestamp="20201026 11:24:05.955" level="INFO">Opening browser 'firefox' to base url 'http://training-wheels-protocol.herokuapp.com/'.</msg>
<msg timestamp="20201026 11:24:05.956" level="INFO">Firefox driver log is always forced to to: /home/neilton/Documents/workSpace/lab/robot_framework/qaninja/HelloWorld-python/web/log/geckodriver-17.log</msg>
<status status="PASS" starttime="20201026 11:24:05.954" endtime="20201026 11:24:18.453"></status>
</kw>
<status status="PASS" starttime="20201026 11:24:05.953" endtime="20201026 11:24:18.453"></status>
</kw>
<kw name="Go To" library="SeleniumLibrary">
<doc>Navigates the current browser window to the provided ``url``.</doc>
<arguments>
<arg>${url}/checkboxes</arg>
</arguments>
<msg timestamp="20201026 11:24:18.455" level="INFO">Opening url 'http://training-wheels-protocol.herokuapp.com//checkboxes'</msg>
<status status="PASS" starttime="20201026 11:24:18.454" endtime="20201026 11:24:19.004"></status>
</kw>
<kw name="Select Checkbox" library="SeleniumLibrary">
<doc>Selects the checkbox identified by ``locator``.</doc>
<arguments>
<arg>${check_panther}</arg>
</arguments>
<msg timestamp="20201026 11:24:19.005" level="INFO">Selecting checkbox 'xpath://*[@id='checkboxes']/input[7]'.</msg>
<status status="PASS" starttime="20201026 11:24:19.005" endtime="20201026 11:24:19.302"></status>
</kw>
<kw name="Checkbox Should Be Selected" library="SeleniumLibrary">
<doc>Verifies checkbox ``locator`` is selected/checked.</doc>
<arguments>
<arg>${check_panther}</arg>
</arguments>
<msg timestamp="20201026 11:24:19.303" level="INFO">Verifying checkbox 'xpath://*[@id='checkboxes']/input[7]' is selected.</msg>
<status status="PASS" starttime="20201026 11:24:19.303" endtime="20201026 11:24:19.348"></status>
</kw>
<kw name="Encerra sessão" library="base" type="teardown">
<kw name="Capture Page Screenshot" library="SeleniumLibrary">
<doc>Takes a screenshot of the current page and embeds it into a log file.</doc>
<msg timestamp="20201026 11:24:19.580" level="INFO" html="yes">&lt;/td&gt;&lt;/tr&gt;&lt;tr&gt;&lt;td colspan="3"&gt;&lt;a href="selenium-screenshot-3.png"&gt;&lt;img src="selenium-screenshot-3.png" width="800px"&gt;&lt;/a&gt;</msg>
<status status="PASS" starttime="20201026 11:24:19.350" endtime="20201026 11:24:19.580"></status>
</kw>
<kw name="Close Browser" library="SeleniumLibrary">
<doc>Closes the current browser.</doc>
<status status="PASS" starttime="20201026 11:24:19.580" endtime="20201026 11:24:20.487"></status>
</kw>
<status status="PASS" starttime="20201026 11:24:19.349" endtime="20201026 11:24:20.487"></status>
</kw>
<tags>
<tag>ironman</tag>
</tags>
<status status="PASS" starttime="20201026 11:24:05.951" endtime="20201026 11:24:20.487" critical="yes"></status>
</test>
<status status="PASS" starttime="20201026 11:23:34.331" endtime="20201026 11:24:20.489"></status>
</suite>
<suite id="s1-s2" name="Title" source="/home/neilton/Documents/workSpace/lab/robot_framework/qaninja/HelloWorld-python/web/tests/title.robot">
<test id="s1-s2-t1" name="Deve comparar o título">
<kw name="Nova sessão" library="base" type="setup">
<kw name="Open Browser" library="SeleniumLibrary">
<doc>Opens a new browser instance to the optional ``url``.</doc>
<arguments>
<arg>${url}</arg>
<arg>firefox</arg>
</arguments>
<msg timestamp="20201026 11:24:20.501" level="INFO">Opening browser 'firefox' to base url 'http://training-wheels-protocol.herokuapp.com/'.</msg>
<msg timestamp="20201026 11:24:20.502" level="INFO">Firefox driver log is always forced to to: /home/neilton/Documents/workSpace/lab/robot_framework/qaninja/HelloWorld-python/web/log/geckodriver-18.log</msg>
<status status="PASS" starttime="20201026 11:24:20.501" endtime="20201026 11:24:35.791"></status>
</kw>
<status status="PASS" starttime="20201026 11:24:20.500" endtime="20201026 11:24:35.791"></status>
</kw>
<kw name="Title Should Be" library="SeleniumLibrary">
<doc>Verifies that the current page title equals ``title``.</doc>
<arguments>
<arg>Training Wheels Protocol</arg>
</arguments>
<msg timestamp="20201026 11:24:35.797" level="INFO">Page title is 'Training Wheels Protocol'.</msg>
<status status="PASS" starttime="20201026 11:24:35.792" endtime="20201026 11:24:35.797"></status>
</kw>
<kw name="Encerra sessão" library="base" type="teardown">
<kw name="Capture Page Screenshot" library="SeleniumLibrary">
<doc>Takes a screenshot of the current page and embeds it into a log file.</doc>
<msg timestamp="20201026 11:24:36.040" level="INFO" html="yes">&lt;/td&gt;&lt;/tr&gt;&lt;tr&gt;&lt;td colspan="3"&gt;&lt;a href="selenium-screenshot-4.png"&gt;&lt;img src="selenium-screenshot-4.png" width="800px"&gt;&lt;/a&gt;</msg>
<status status="PASS" starttime="20201026 11:24:35.800" endtime="20201026 11:24:36.040"></status>
</kw>
<kw name="Close Browser" library="SeleniumLibrary">
<doc>Closes the current browser.</doc>
<status status="PASS" starttime="20201026 11:24:36.040" endtime="20201026 11:24:36.778"></status>
</kw>
<status status="PASS" starttime="20201026 11:24:35.798" endtime="20201026 11:24:36.778"></status>
</kw>
<status status="PASS" starttime="20201026 11:24:20.498" endtime="20201026 11:24:36.778" critical="yes"></status>
</test>
<status status="PASS" starttime="20201026 11:24:20.493" endtime="20201026 11:24:36.781"></status>
</suite>
<status status="PASS" starttime="20201026 11:23:34.300" endtime="20201026 11:24:36.785"></status>
</suite>
<statistics>
<total>
<stat pass="4" fail="0">Critical Tests</stat>
<stat pass="4" fail="0">All Tests</stat>
</total>
<tag>
<stat pass="1" fail="0">ironman</stat>
</tag>
<suite>
<stat pass="4" fail="0" id="s1" name="Tests">Tests</stat>
<stat pass="3" fail="0" id="s1-s1" name="Checkbox">Tests.Checkbox</stat>
<stat pass="1" fail="0" id="s1-s2" name="Title">Tests.Title</stat>
</suite>
</statistics>
<errors>
</errors>
</robot>
