<?xml version="1.0" encoding="UTF-8"?>
<robot generator="Robot 3.2.2 (Python 3.9.0 on win32)" generated="20201028 23:09:37.970" rpa="false">
<suite id="s1" name="Tables" source="C:\workSpace\qaninja\robot\web\tests\tables.robot">
<test id="s1-t1" name="Verifica o valor ao informar o número da linha">
<kw name="Nova sessão" library="base" type="setup">
<kw name="Open Browser" library="SeleniumLibrary">
<doc>Opens a new browser instance to the optional ``url``.</doc>
<arguments>
<arg>${url}</arg>
<arg>firefox</arg>
</arguments>
<msg timestamp="20201028 23:09:38.235" level="INFO">Opening browser 'firefox' to base url 'http://training-wheels-protocol.herokuapp.com/'.</msg>
<msg timestamp="20201028 23:09:38.240" level="INFO">Firefox driver log is always forced to to: C:\workSpace\qaninja\robot\web\log\geckodriver-42.log</msg>
<status status="PASS" starttime="20201028 23:09:38.235" endtime="20201028 23:09:49.616"></status>
</kw>
<status status="PASS" starttime="20201028 23:09:38.234" endtime="20201028 23:09:49.616"></status>
</kw>
<kw name="Go To" library="SeleniumLibrary">
<doc>Navigates the current browser window to the provided ``url``.</doc>
<arguments>
<arg>${url}/tables</arg>
</arguments>
<msg timestamp="20201028 23:09:49.617" level="INFO">Opening url 'http://training-wheels-protocol.herokuapp.com//tables'</msg>
<status status="PASS" starttime="20201028 23:09:49.617" endtime="20201028 23:09:50.423"></status>
</kw>
<kw name="Table Row Should Contain" library="SeleniumLibrary">
<doc>Verifies that table row contains text ``expected``.</doc>
<arguments>
<arg>id:actors</arg>
<arg>2</arg>
<arg>@vindiesel</arg>
</arguments>
<status status="PASS" starttime="20201028 23:09:50.424" endtime="20201028 23:09:50.498"></status>
</kw>
<kw name="Encerra sessão" library="base" type="teardown">
<kw name="Capture Page Screenshot" library="SeleniumLibrary">
<doc>Takes a screenshot of the current page and embeds it into a log file.</doc>
<msg timestamp="20201028 23:09:50.721" level="INFO" html="yes">&lt;/td&gt;&lt;/tr&gt;&lt;tr&gt;&lt;td colspan="3"&gt;&lt;a href="selenium-screenshot-23.png"&gt;&lt;img src="selenium-screenshot-23.png" width="800px"&gt;&lt;/a&gt;</msg>
<status status="PASS" starttime="20201028 23:09:50.499" endtime="20201028 23:09:50.721"></status>
</kw>
<kw name="Close Browser" library="SeleniumLibrary">
<doc>Closes the current browser.</doc>
<status status="PASS" starttime="20201028 23:09:50.722" endtime="20201028 23:09:53.733"></status>
</kw>
<status status="PASS" starttime="20201028 23:09:50.499" endtime="20201028 23:09:53.733"></status>
</kw>
<status status="PASS" starttime="20201028 23:09:38.233" endtime="20201028 23:09:53.733" critical="yes"></status>
</test>
<test id="s1-t2" name="Descobre a linha pelo texto chave e valida os demais valores">
<kw name="Nova sessão" library="base" type="setup">
<kw name="Open Browser" library="SeleniumLibrary">
<doc>Opens a new browser instance to the optional ``url``.</doc>
<arguments>
<arg>${url}</arg>
<arg>firefox</arg>
</arguments>
<msg timestamp="20201028 23:09:53.736" level="INFO">Opening browser 'firefox' to base url 'http://training-wheels-protocol.herokuapp.com/'.</msg>
<msg timestamp="20201028 23:09:53.740" level="INFO">Firefox driver log is always forced to to: C:\workSpace\qaninja\robot\web\log\geckodriver-43.log</msg>
<status status="PASS" starttime="20201028 23:09:53.736" endtime="20201028 23:10:04.327"></status>
</kw>
<status status="PASS" starttime="20201028 23:09:53.735" endtime="20201028 23:10:04.327"></status>
</kw>
<kw name="Go To" library="SeleniumLibrary">
<doc>Navigates the current browser window to the provided ``url``.</doc>
<arguments>
<arg>${url}/tables</arg>
</arguments>
<msg timestamp="20201028 23:10:04.328" level="INFO">Opening url 'http://training-wheels-protocol.herokuapp.com//tables'</msg>
<status status="PASS" starttime="20201028 23:10:04.328" endtime="20201028 23:10:04.826"></status>
</kw>
<kw name="Get WebElement" library="SeleniumLibrary">
<doc>Returns the first WebElement matching the given ``locator``.</doc>
<arguments>
<arg>xpath:.//tr[contains(.,'@chadwickboseman')]</arg>
</arguments>
<assign>
<var>${target}</var>
</assign>
<msg timestamp="20201028 23:10:04.833" level="INFO">${target} = &lt;selenium.webdriver.firefox.webelement.FirefoxWebElement (session="eb477ad9-8d8d-4c3e-a1fe-8dcb3c340686", element="72ec3b94-b411-469f-b23c-5c20cc82e801")&gt;</msg>
<status status="PASS" starttime="20201028 23:10:04.827" endtime="20201028 23:10:04.833"></status>
</kw>
<kw name="Log" library="BuiltIn">
<doc>Logs the given message with the given level.</doc>
<arguments>
<arg>${target.text}</arg>
</arguments>
<msg timestamp="20201028 23:10:04.874" level="INFO">Chadwick Boseman Pantera Negra Vingadores $ 700.000 @chadwickboseman edit delete</msg>
<status status="PASS" starttime="20201028 23:10:04.833" endtime="20201028 23:10:04.874"></status>
</kw>
<kw name="Log To Console" library="BuiltIn">
<doc>Logs the given message to the console.</doc>
<arguments>
<arg>${target.text}</arg>
</arguments>
<status status="PASS" starttime="20201028 23:10:04.875" endtime="20201028 23:10:04.903"></status>
</kw>
<kw name="Should Contain" library="BuiltIn">
<doc>Fails if ``container`` does not contain ``item`` one or more times.</doc>
<arguments>
<arg>${target.text}</arg>
<arg>$ 700.000</arg>
</arguments>
<status status="PASS" starttime="20201028 23:10:04.903" endtime="20201028 23:10:04.926"></status>
</kw>
<kw name="Should Contain" library="BuiltIn">
<doc>Fails if ``container`` does not contain ``item`` one or more times.</doc>
<arguments>
<arg>${target.text}</arg>
<arg>Pantera Negra</arg>
</arguments>
<status status="PASS" starttime="20201028 23:10:04.927" endtime="20201028 23:10:04.955"></status>
</kw>
<kw name="Encerra sessão" library="base" type="teardown">
<kw name="Capture Page Screenshot" library="SeleniumLibrary">
<doc>Takes a screenshot of the current page and embeds it into a log file.</doc>
<msg timestamp="20201028 23:10:05.165" level="INFO" html="yes">&lt;/td&gt;&lt;/tr&gt;&lt;tr&gt;&lt;td colspan="3"&gt;&lt;a href="selenium-screenshot-24.png"&gt;&lt;img src="selenium-screenshot-24.png" width="800px"&gt;&lt;/a&gt;</msg>
<status status="PASS" starttime="20201028 23:10:04.957" endtime="20201028 23:10:05.165"></status>
</kw>
<kw name="Close Browser" library="SeleniumLibrary">
<doc>Closes the current browser.</doc>
<status status="PASS" starttime="20201028 23:10:05.166" endtime="20201028 23:10:07.548"></status>
</kw>
<status status="PASS" starttime="20201028 23:10:04.956" endtime="20201028 23:10:07.548"></status>
</kw>
<status status="PASS" starttime="20201028 23:09:53.734" endtime="20201028 23:10:07.548" critical="yes"></status>
</test>
<status status="PASS" starttime="20201028 23:09:37.973" endtime="20201028 23:10:07.550"></status>
</suite>
<statistics>
<total>
<stat pass="2" fail="0">Critical Tests</stat>
<stat pass="2" fail="0">All Tests</stat>
</total>
<tag>
</tag>
<suite>
<stat pass="2" fail="0" id="s1" name="Tables">Tables</stat>
</suite>
</statistics>
<errors>
</errors>
</robot>
