<?xml version="1.0" encoding="UTF-8"?>
<robot generator="Robot 3.2.2 (Python 3.9.0 on win32)" generated="20201021 22:30:53.034" rpa="false">
<suite id="s1" name="Checkbox" source="C:\workSpace\qaninja\robot\helloworld-python\web\checkbox.robot">
<test id="s1-t1" name="Marcando opção com Id">
<kw name="Open Browser" library="SeleniumLibrary">
<doc>Opens a new browser instance to the optional ``url``.</doc>
<arguments>
<arg>${url}</arg>
<arg>firefox</arg>
</arguments>
<msg timestamp="20201021 22:30:53.306" level="INFO">Opening browser 'firefox' to base url 'http://training-wheels-protocol.herokuapp.com/'.</msg>
<msg timestamp="20201021 22:30:53.308" level="INFO">Firefox driver log is always forced to to: C:\workSpace\qaninja\robot\helloworld-python\web\log\geckodriver-12.log</msg>
<status status="PASS" starttime="20201021 22:30:53.306" endtime="20201021 22:31:07.983"></status>
</kw>
<kw name="Go To" library="SeleniumLibrary">
<doc>Navigates the current browser window to the provided ``url``.</doc>
<arguments>
<arg>${url}/checkboxes</arg>
</arguments>
<msg timestamp="20201021 22:31:07.984" level="INFO">Opening url 'http://training-wheels-protocol.herokuapp.com//checkboxes'</msg>
<status status="PASS" starttime="20201021 22:31:07.983" endtime="20201021 22:31:08.359"></status>
</kw>
<kw name="Select Checkbox" library="SeleniumLibrary">
<doc>Selects the checkbox identified by ``locator``.</doc>
<arguments>
<arg>${check_thor}</arg>
</arguments>
<msg timestamp="20201021 22:31:08.360" level="INFO">Selecting checkbox 'id:thor'.</msg>
<status status="PASS" starttime="20201021 22:31:08.360" endtime="20201021 22:31:08.636"></status>
</kw>
<kw name="Checkbox Should Be Selected" library="SeleniumLibrary">
<doc>Verifies checkbox ``locator`` is selected/checked.</doc>
<arguments>
<arg>${check_thor}</arg>
</arguments>
<msg timestamp="20201021 22:31:08.637" level="INFO">Verifying checkbox 'id:thor' is selected.</msg>
<status status="PASS" starttime="20201021 22:31:08.636" endtime="20201021 22:31:08.658"></status>
</kw>
<kw name="Close Browser" library="SeleniumLibrary">
<doc>Closes the current browser.</doc>
<status status="PASS" starttime="20201021 22:31:08.658" endtime="20201021 22:31:10.728"></status>
</kw>
<status status="PASS" starttime="20201021 22:30:53.305" endtime="20201021 22:31:10.729" critical="yes"></status>
</test>
<test id="s1-t2" name="Marcando opção com CSS Selector">
<kw name="Open Browser" library="SeleniumLibrary">
<doc>Opens a new browser instance to the optional ``url``.</doc>
<arguments>
<arg>${url}</arg>
<arg>firefox</arg>
</arguments>
<msg timestamp="20201021 22:31:10.732" level="INFO">Opening browser 'firefox' to base url 'http://training-wheels-protocol.herokuapp.com/'.</msg>
<msg timestamp="20201021 22:31:10.733" level="INFO">Firefox driver log is always forced to to: C:\workSpace\qaninja\robot\helloworld-python\web\log\geckodriver-13.log</msg>
<status status="PASS" starttime="20201021 22:31:10.731" endtime="20201021 22:31:22.790"></status>
</kw>
<kw name="Go To" library="SeleniumLibrary">
<doc>Navigates the current browser window to the provided ``url``.</doc>
<arguments>
<arg>${url}/checkboxes</arg>
</arguments>
<msg timestamp="20201021 22:31:22.791" level="INFO">Opening url 'http://training-wheels-protocol.herokuapp.com//checkboxes'</msg>
<status status="PASS" starttime="20201021 22:31:22.791" endtime="20201021 22:31:23.205"></status>
</kw>
<kw name="Select Checkbox" library="SeleniumLibrary">
<doc>Selects the checkbox identified by ``locator``.</doc>
<arguments>
<arg>${check_ironman}</arg>
</arguments>
<msg timestamp="20201021 22:31:23.206" level="INFO">Selecting checkbox 'css:input[value='iron-man']'.</msg>
<status status="PASS" starttime="20201021 22:31:23.206" endtime="20201021 22:31:23.458"></status>
</kw>
<kw name="Checkbox Should Be Selected" library="SeleniumLibrary">
<doc>Verifies checkbox ``locator`` is selected/checked.</doc>
<arguments>
<arg>${check_ironman}</arg>
</arguments>
<msg timestamp="20201021 22:31:23.459" level="INFO">Verifying checkbox 'css:input[value='iron-man']' is selected.</msg>
<status status="PASS" starttime="20201021 22:31:23.459" endtime="20201021 22:31:23.482"></status>
</kw>
<kw name="Close Browser" library="SeleniumLibrary">
<doc>Closes the current browser.</doc>
<status status="PASS" starttime="20201021 22:31:23.482" endtime="20201021 22:31:25.668"></status>
</kw>
<status status="PASS" starttime="20201021 22:31:10.731" endtime="20201021 22:31:25.669" critical="yes"></status>
</test>
<test id="s1-t3" name="Marcando opção com Xpath">
<kw name="Open Browser" library="SeleniumLibrary">
<doc>Opens a new browser instance to the optional ``url``.</doc>
<arguments>
<arg>${url}</arg>
<arg>firefox</arg>
</arguments>
<msg timestamp="20201021 22:31:25.672" level="INFO">Opening browser 'firefox' to base url 'http://training-wheels-protocol.herokuapp.com/'.</msg>
<msg timestamp="20201021 22:31:25.674" level="INFO">Firefox driver log is always forced to to: C:\workSpace\qaninja\robot\helloworld-python\web\log\geckodriver-14.log</msg>
<status status="PASS" starttime="20201021 22:31:25.672" endtime="20201021 22:31:36.733"></status>
</kw>
<kw name="Go To" library="SeleniumLibrary">
<doc>Navigates the current browser window to the provided ``url``.</doc>
<arguments>
<arg>${url}/checkboxes</arg>
</arguments>
<msg timestamp="20201021 22:31:36.734" level="INFO">Opening url 'http://training-wheels-protocol.herokuapp.com//checkboxes'</msg>
<status status="PASS" starttime="20201021 22:31:36.733" endtime="20201021 22:31:37.160"></status>
</kw>
<kw name="Select Checkbox" library="SeleniumLibrary">
<doc>Selects the checkbox identified by ``locator``.</doc>
<arguments>
<arg>${check_panther}</arg>
</arguments>
<msg timestamp="20201021 22:31:37.161" level="INFO">Selecting checkbox 'xpath://*[@id='checkboxes']/input[7]'.</msg>
<status status="PASS" starttime="20201021 22:31:37.160" endtime="20201021 22:31:37.469"></status>
</kw>
<kw name="Checkbox Should Be Selected" library="SeleniumLibrary">
<doc>Verifies checkbox ``locator`` is selected/checked.</doc>
<arguments>
<arg>${check_panther}</arg>
</arguments>
<msg timestamp="20201021 22:31:37.470" level="INFO">Verifying checkbox 'xpath://*[@id='checkboxes']/input[7]' is selected.</msg>
<status status="PASS" starttime="20201021 22:31:37.470" endtime="20201021 22:31:37.494"></status>
</kw>
<kw name="Close Browser" library="SeleniumLibrary">
<doc>Closes the current browser.</doc>
<status status="PASS" starttime="20201021 22:31:37.494" endtime="20201021 22:31:40.076"></status>
</kw>
<tags>
<tag>ironman</tag>
</tags>
<status status="PASS" starttime="20201021 22:31:25.671" endtime="20201021 22:31:40.077" critical="yes"></status>
</test>
<status status="PASS" starttime="20201021 22:30:53.037" endtime="20201021 22:31:40.084"></status>
</suite>
<statistics>
<total>
<stat pass="3" fail="0">Critical Tests</stat>
<stat pass="3" fail="0">All Tests</stat>
</total>
<tag>
<stat pass="1" fail="0">ironman</stat>
</tag>
<suite>
<stat pass="3" fail="0" id="s1" name="Checkbox">Checkbox</stat>
</suite>
</statistics>
<errors>
</errors>
</robot>
