<?xml version="1.0" encoding="UTF-8"?>
<robot generator="Robot 3.2.2 (Python 3.8.5 on linux)" generated="20201015 14:07:30.081" rpa="false">
<suite id="s1" name="Title" source="/home/neilton/Documents/workSpace/lab/robot_framework/qaninja/robot/web/title.robot">
<test id="s1-t1" name="Deve comparar o título">
<kw name="Open Browser" library="SeleniumLibrary">
<doc>Opens a new browser instance to the optional ``url``.</doc>
<arguments>
<arg>http://training-wheels-protocol.herokuapp.com/</arg>
<arg>firefox</arg>
</arguments>
<msg timestamp="20201015 14:07:30.261" level="INFO">Opening browser 'firefox' to base url 'http://training-wheels-protocol.herokuapp.com/'.</msg>
<msg timestamp="20201015 14:07:30.261" level="INFO">Firefox driver log is always forced to to: /home/neilton/Documents/workSpace/lab/robot_framework/qaninja/robot/web/geckodriver-3.log</msg>
<status status="PASS" starttime="20201015 14:07:30.260" endtime="20201015 14:07:46.115"></status>
</kw>
<kw name="Title Should Be" library="SeleniumLibrary">
<doc>Verifies that the current page title equals ``title``.</doc>
<arguments>
<arg>Training Wheels Protocol</arg>
</arguments>
<msg timestamp="20201015 14:07:46.137" level="INFO">Page title is 'Training Wheels Protocol'.</msg>
<status status="PASS" starttime="20201015 14:07:46.115" endtime="20201015 14:07:46.138"></status>
</kw>
<kw name="Close Browser" library="SeleniumLibrary">
<doc>Closes the current browser.</doc>
<status status="PASS" starttime="20201015 14:07:46.138" endtime="20201015 14:07:48.942"></status>
</kw>
<status status="PASS" starttime="20201015 14:07:30.259" endtime="20201015 14:07:48.943" critical="yes"></status>
</test>
<status status="PASS" starttime="20201015 14:07:30.082" endtime="20201015 14:07:48.944"></status>
</suite>
<statistics>
<total>
<stat pass="1" fail="0">Critical Tests</stat>
<stat pass="1" fail="0">All Tests</stat>
</total>
<tag>
</tag>
<suite>
<stat pass="1" fail="0" id="s1" name="Title">Title</stat>
</suite>
</statistics>
<errors>
</errors>
</robot>
